epoch,acc,loss,val_acc,val_loss
0,0.66472942073170727,0.6402915943323112,0.6734154929577465,0.63380744423664792
1,0.66472942073170727,0.63848519143534865,0.67165492957746475,0.63381554375232108
2,0.66472942073170727,0.63807824944577562,0.67297535211267601,0.63260416161846111
3,0.66472942073170727,0.63795185452554282,0.67297535211267601,0.63243779078335827
4,0.66472942073170727,0.63790558596573221,0.67429577464788737,0.63147061055814713
5,0.66472942073170727,0.63788672736505181,0.67385563380281688,0.63171624045976449
6,0.66472942073170727,0.63787833619408496,0.67253521126760563,0.6325804322538241
7,0.66472942073170727,0.63787432123975052,0.67429577464788737,0.63137271202785872
8,0.66472942073170727,0.63787226242626582,0.6734154929577465,0.63195915205377928
9,0.66472942073170727,0.63787114311282223,0.67297535211267601,0.63225187046427123
10,0.66472942073170727,0.63787050890486419,0.67473591549295775,0.63105182076843691
11,0.66472942073170727,0.63787012928869669,0.67429577464788737,0.63134824138292123
12,0.66472942073170727,0.63786990295459589,0.67517605633802813,0.63074802596804125
13,0.66472942073170727,0.63786975984893191,0.67385563380281688,0.63164478960171555
14,0.66472942073170727,0.63786966916991439,0.67121478873239437,0.63344014278599914
15,0.66472942073170727,0.63786960883838373,0.6734154929577465,0.63194307307122455
16,0.66472942073170727,0.63786957213064521,0.6734154929577465,0.63194280527007407
17,0.66472942073170727,0.63786954805254936,0.67429577464788737,0.63134389863887308
18,0.66472942073170727,0.63786952688199716,0.67561619718309862,0.63044564321007523
19,0.66472942073170727,0.63786951715989815,0.67253521126760563,0.63254122163208437
20,0.66472942073170727,0.63786950743779902,0.67253521126760563,0.63254118469399467
21,0.66472942073170727,0.63786949989635766,0.67209507042253525,0.63284054608412188
22,0.66472942073170727,0.63786949099200529,0.67077464788732399,0.63373867055060162
23,0.66472942073170727,0.63786948608552541,0.67253521126760563,0.63254111921283562
24,0.66472942073170727,0.63786947736289445,0.6734154929577465,0.63194234522295667
25,0.66472942073170727,0.63786947690859075,0.67429577464788737,0.6313435569615431
26,0.66472942073170727,0.63786947054833898,0.67077464788732399,0.63373864956305059
27,0.66472942073170727,0.63786946527841615,0.6734154929577465,0.63194232507490777
28,0.66472942073170727,0.6378694602810755,0.67473591549295775,0.63104417458386486
29,0.66472942073170727,0.63786945591976008,0.67209507042253525,0.63284047388694653
30,0.66472942073170727,0.63786945564717779,0.67253521126760563,0.63254107220072142
31,0.66472942073170727,0.6378694470154076,0.67077464788732399,0.63373862353848742
32,0.66472942073170727,0.63786944501647136,0.67253521126760563,0.63254107304022344
33,0.66472942073170727,0.63786944056429518,0.67165492957746475,0.63313984367209419
34,0.66472942073170727,0.63786943429490417,0.6734154929577465,0.6319422889763201
35,0.66472942073170727,0.63786943247768935,0.67385563380281688,0.63164290827764591
36,0.66472942073170727,0.63786942857067763,0.67473591549295775,0.63104413176926089
37,0.66472942073170727,0.63786942339161545,0.67165492957746475,0.63313984535109824
38,0.66472942073170727,0.63786941821255339,0.67429577464788737,0.63134350827042485
39,0.66472942073170727,0.63786941348779491,0.67209507042253525,0.63284043862786088
40,0.66472942073170727,0.6378694104893905,0.67385563380281688,0.63164288393208678
41,0.66472942073170727,0.63786940503774625,0.6734154929577465,0.63194226630976502
42,0.66472942073170727,0.6378694046743032,0.6734154929577465,0.63194226463076097
43,0.66472942073170727,0.63786939904093742,0.67473591549295775,0.63104410826320378
44,0.66472942073170727,0.63786939477048266,0.67385563380281688,0.63164287217905823
45,0.66472942073170727,0.63786939322585012,0.67561619718309862,0.63044533343382281
46,0.66472942073170727,0.63786938795592729,0.6734154929577465,0.63194225539623849
47,0.66472942073170727,0.63786938077792887,0.66989436619718312,0.6343373278496971
48,0.66472942073170727,0.6378693788698534,0.67253521126760563,0.6325410109170726
49,0.66472942073170727,0.63786937787038522,0.6734154929577465,0.63194224784072017
50,0.66472942073170727,0.63786937414509493,0.67385563380281688,0.63164285790752361
51,0.66472942073170727,0.63786937051066539,0.67297535211267601,0.63224162098387593
52,0.66472942073170727,0.63786936469557809,0.6734154929577465,0.63194223272968342
53,0.66472942073170727,0.63786936369610991,0.67297535211267601,0.63224161846536986
54,0.66472942073170727,0.63786936178803444,0.67297535211267601,0.63224161174935356
55,0.66472942073170727,0.63786935615466867,0.67473591549295775,0.63104407300411813
56,0.66472942073170727,0.63786935570036496,0.67429577464788737,0.631343446147274
57,0.66472942073170727,0.63786935052130278,0.67165492957746475,0.6331397630798985
58,0.66472942073170727,0.63786934806806284,0.67429577464788737,0.63134345034478412
59,0.66472942073170727,0.63786934570568365,0.67077464788732399,0.63373852111923867
60,0.66472942073170727,0.63786934179867183,0.67429577464788737,0.63134344446826984
61,0.66472942073170727,0.63786933707391347,0.67165492957746475,0.6331397630798985
62,0.66472942073170727,0.63786933434809123,0.67297535211267601,0.63224158908279848
63,0.66472942073170727,0.63786933253087652,0.67473591549295775,0.63104404781905699
64,0.66472942073170727,0.63786933098624388,0.67209507042253525,0.63284035887516721
65,0.66472942073170727,0.63786932789697881,0.67253521126760563,0.63254097985549707
66,0.66472942073170727,0.63786932807870023,0.67561619718309862,0.63044526627365971
67,0.66472942073170727,0.63786932071898039,0.67473591549295775,0.63104404697955496
68,0.66472942073170727,0.63786932044639821,0.67121478873239437,0.63343911355649918
69,0.66472942073170727,0.63786931544905756,0.67385563380281688,0.63164280837690323
70,0.66472942073170727,0.63786931154204574,0.6734154929577465,0.63194218487806719
71,0.66472942073170727,0.63786930908880579,0.67165492957746475,0.63313973621583319
72,0.66472942073170727,0.63786930636298367,0.67297535211267601,0.63224157145325566
73,0.66472942073170727,0.63786930254683261,0.67297535211267601,0.63224156809524756
74,0.66472942073170727,0.63786929991187113,0.67429577464788737,0.63134340920918419
75,0.66472942073170727,0.63786930054789637,0.67385563380281688,0.63164278822885433
76,0.66472942073170727,0.63786929191612618,0.67253521126760563,0.63254094627541557
77,0.66472942073170727,0.63786928919030395,0.67429577464788737,0.63134340165366587
78,0.66472942073170727,0.6378692904623543,0.6734154929577465,0.63194217564354482
79,0.66472942073170727,0.63786928655534259,0.67297535211267601,0.63224155046570474
80,0.66472942073170727,0.63786928746395,0.67473591549295775,0.63104401004146526
81,0.66472942073170727,0.6378692809219767,0.67429577464788737,0.63134338738213125
82,0.66472942073170727,0.63786928119455899,0.67517605633802813,0.63074461591075848
83,0.66472942073170727,0.63786927955906569,0.67385563380281688,0.63164277899433185
84,0.66472942073170727,0.63786927447086428,0.67121478873239437,0.63343908165542173
85,0.66472942073170727,0.63786927601549681,0.6734154929577465,0.63194215969300604
86,0.66472942073170727,0.63786926847405545,0.6734154929577465,0.63194214877947952
87,0.66472942073170727,0.63786926965524515,0.67429577464788737,0.63134338654262923
88,0.66472942073170727,0.63786926638425845,0.67561619718309862,0.63044522010104753
89,0.66472942073170727,0.63786926002400679,0.67253521126760563,0.63254090849782385
90,0.66472942073170727,0.63786926111433562,0.67253521126760563,0.63254090933732587
91,0.66472942073170727,0.63786925729818456,0.67209507042253525,0.63284029003599995
92,0.66472942073170727,0.63786925393633731,0.67077464788732399,0.63373843716903466
93,0.66472942073170727,0.63786924739436401,0.67253521126760563,0.63254090178180744
94,0.66472942073170727,0.63786924784866772,0.6734154929577465,0.63194213198943872
95,0.66472942073170727,0.63786924330563077,0.67429577464788737,0.63134335380204964
96,0.66472942073170727,0.63786924485026342,0.67077464788732399,0.63373844136654489
97,0.66472942073170727,0.63786923876259383,0.6734154929577465,0.63194213282894085
98,0.66472942073170727,0.63786923821742947,0.67473591549295775,0.63104398401690198
99,0.66472942073170727,0.63786923412869612,0.67209507042253525,0.63284027660396736
100,0.66472942073170727,0.63786923031254517,0.67253521126760563,0.63254088163375854
101,0.66472942073170727,0.63786922994910222,0.67077464788732399,0.63373842961351634
102,0.66472942073170727,0.63786922513348299,0.67253521126760563,0.63254088499176675
103,0.66472942073170727,0.63786922422487558,0.67165492957746475,0.63313964974712322
104,0.66472942073170727,0.63786922249852163,0.6734154929577465,0.63194210932288375
105,0.66472942073170727,0.63786922095388898,0.67385563380281688,0.63164272610570349
106,0.66472942073170727,0.63786921541138397,0.67473591549295775,0.63104395883184083
107,0.66472942073170727,0.63786921595654833,0.67165492957746475,0.63313965394463334
108,0.66472942073170727,0.63786921150437215,0.67429577464788737,0.63134333113549457
109,0.66472942073170727,0.63786921050490397,0.67209507042253525,0.63284026401143678
110,0.66472942073170727,0.63786920768822108,0.67385563380281688,0.63164271267367078
111,0.66472942073170727,0.63786920750649967,0.6734154929577465,0.63194209673035318
112,0.66472942073170727,0.63786920141883008,0.6734154929577465,0.63194209001433677
113,0.66472942073170727,0.63786920105538714,0.67473591549295775,0.63104393868379194
114,0.66472942073170727,0.63786919460427471,0.67385563380281688,0.63164270343914841
115,0.66472942073170727,0.63786919642148954,0.67561619718309862,0.63044516301490894
116,0.66472942073170727,0.63786919224189553,0.6734154929577465,0.63194209673035318
117,0.66472942073170727,0.63786919124242736,0.66989436619718312,0.63433715827028514
118,0.66472942073170727,0.63786918697197259,0.67253521126760563,0.63254084385616682
119,0.66472942073170727,0.63786918279237859,0.6734154929577465,0.63194208245881844
120,0.66472942073170727,0.63786918261065717,0.67385563380281688,0.63164269588362998
121,0.66472942073170727,0.63786917843106317,0.67297535211267601,0.63224146063898645
122,0.66472942073170727,0.63786917797675946,0.6734154929577465,0.63194207154529192
123,0.66472942073170727,0.6378691741606084,0.67297535211267601,0.63224144804645588
124,0.66472942073170727,0.6378691725251151,0.67297535211267601,0.63224145140446408
125,0.66472942073170727,0.63786916925412851,0.67473591549295775,0.63104391769624091
126,0.66472942073170727,0.63786916852724262,0.67429577464788737,0.63134328832089059
127,0.66472942073170727,0.63786916480195233,0.67165492957746475,0.63313959266098452
128,0.66472942073170727,0.63786916543797745,0.67429577464788737,0.63134329755541307
129,0.66472942073170727,0.63786916452937015,0.67077464788732399,0.63373836161385122
130,0.66472942073170727,0.63786915862342208,0.67429577464788737,0.63134329503690689
131,0.66472942073170727,0.63786915780567544,0.67165492957746475,0.63313961029052734
132,0.66472942073170727,0.63786915235403108,0.67297535211267601,0.63224143797243149
133,0.66472942073170727,0.63786915244489184,0.67473591549295775,0.63104389670868999
134,0.66472942073170727,0.63786914971906961,0.67209507042253525,0.63284019601177166
135,0.66472942073170727,0.63786914581205789,0.67253521126760563,0.63254082706612602
136,0.66472942073170727,0.63786914544861495,0.67561619718309862,0.63044511768179878
137,0.66472942073170727,0.63786914226848901,0.67473591549295775,0.63104389838769404
138,0.66472942073170727,0.63786913854319871,0.67121478873239437,0.63343894985360161
139,0.66472942073170727,0.63786913854319871,0.67385563380281688,0.63164265726653623
140,0.66472942073170727,0.63786913736200912,0.6734154929577465,0.63194203460720222
141,0.66472942073170727,0.63786913499962994,0.67165492957746475,0.63313957335243765
142,0.66472942073170727,0.63786913236466847,0.67297535211267601,0.63224141278737023
143,0.66472942073170727,0.63786912736732782,0.67297535211267601,0.63224141110836618
144,0.66472942073170727,0.63786912618613822,0.67429577464788737,0.63134325893831922
145,0.66472942073170727,0.63786912464150569,0.67385563380281688,0.63164262452595665
146,0.66472942073170727,0.63786912209740498,0.67253521126760563,0.63254079432554644
147,0.66472942073170727,0.6378691176452288,0.67429577464788737,0.63134324802479269
148,0.66472942073170727,0.63786911682748215,0.6734154929577465,0.63194202201467164
149,0.66472942073170727,0.63786911237530597,0.67297535211267601,0.63224140103434168
150,0.66472942073170727,0.63786911119411627,0.67473591549295775,0.63104385977060018
151,0.66472942073170727,0.63786911337477403,0.67429577464788737,0.63134324382728257
152,0.66472942073170727,0.63786910910431927,0.67517605633802813,0.63074446312138732
153,0.66472942073170727,0.63786910565161126,0.67385563380281688,0.63164262872346688
154,0.66472942073170727,0.63786910247148532,0.67121478873239437,0.63343892802654855
155,0.66472942073170727,0.6378691006542706,0.6734154929577465,0.63194201026164309
156,0.66472942073170727,0.63786909611123366,0.6734154929577465,0.63194199850861454
157,0.66472942073170727,0.63786909129561442,0.67429577464788737,0.63134322955574784
158,0.66472942073170727,0.63786909156819671,0.67561619718309862,0.63044506731167649
159,0.66472942073170727,0.63786909047786777,0.67253521126760563,0.63254075486895067
160,0.66472942073170727,0.63786908784290641,0.67253521126760563,0.63254075990596292
161,0.66472942073170727,0.63786908475364124,0.67209507042253525,0.63284014228364116
162,0.66472942073170727,0.63786908257298358,0.67077464788732399,0.63373829781169622
163,0.66472942073170727,0.63786908093749028,0.67253521126760563,0.63254075151094247
164,0.66472942073170727,0.63786907884769328,0.6734154929577465,0.63194198843459004
165,0.66472942073170727,0.63786907557670658,0.67429577464788737,0.63134321528421322
166,0.66472942073170727,0.63786907703047846,0.67077464788732399,0.63373828605866767
167,0.66472942073170727,0.6378690732143274,0.6734154929577465,0.63194199515060645
168,0.66472942073170727,0.63786906957989786,0.67473591549295775,0.63104383878304926
169,0.66472942073170727,0.63786906712665792,0.67209507042253525,0.63284012717260441
170,0.66472942073170727,0.63786906585460756,0.67253521126760563,0.63254073472090167
171,0.66472942073170727,0.63786906258362097,0.67077464788732399,0.63373828186115744
172,0.66472942073170727,0.63786906149329203,0.67253521126760563,0.63254073639990582
173,0.66472942073170727,0.6378690578588625,0.67165492957746475,0.63313951038978467
174,0.66472942073170727,0.63786905567820484,0.6734154929577465,0.63194196073102282
175,0.66472942073170727,0.63786905158947149,0.67385563380281688,0.6316425825508547
