epoch,acc,loss,val_acc,val_loss
0,0.65524961890243905,0.68396816984182451,0.6734154929577465,0.6729425544470129
1,0.66472942073170727,0.66617817395344014,0.67165492957746475,0.65769624038481378
2,0.66472942073170727,0.65410544396173664,0.67297535211267601,0.64675138953705913
3,0.66472942073170727,0.64599868909614844,0.67297535211267601,0.63947343826293945
4,0.66472942073170727,0.64037815281530708,0.67429577464788737,0.63355272336744928
5,0.66472942073170727,0.63582397215976949,0.67385563380281688,0.62906141432238294
6,0.66472942073170727,0.63080529141716846,0.67253521126760563,0.62408980601270436
7,0.66472942073170727,0.62323600744328844,0.67429577464788737,0.6140444245136959
8,0.66472942073170727,0.61123976311305672,0.6734154929577465,0.60114323631138866
9,0.66482469512195119,0.59241713856051603,0.67825704225352113,0.57806011194914164
10,0.69540777439024393,0.56198907798019848,0.75484154929577463,0.5434183889711407
11,0.76152820121951215,0.52252014008600534,0.78345070422535212,0.50627339557862616
12,0.79001524390243905,0.48969379585327172,0.79005281690140849,0.48102076288679957
13,0.79477896341463417,0.46939271779322045,0.78521126760563376,0.46642634230600277
14,0.79916158536585369,0.45693070686808446,0.78609154929577463,0.4566116198687486
15,0.80192454268292679,0.44850951296890657,0.78785211267605637,0.45019428494950414
16,0.80373475609756095,0.4422059799658089,0.78917253521126762,0.4432882863870809
17,0.80630716463414631,0.43699921572172062,0.79181338028169013,0.43800559451042764
18,0.80792682926829273,0.43245147482105872,0.7953345070422535,0.43295693439497074
19,0.81078506097560976,0.42836189946932035,0.79621478873239437,0.43044836777196804
20,0.8125,0.42464279001805838,0.79929577464788737,0.42450344289692354
21,0.81383384146341464,0.42120214747037832,0.80193661971830987,0.42174188687767783
22,0.81516768292682928,0.41803409876983338,0.80457746478873238,0.41701883371447174
23,0.8167873475609756,0.41491833120221044,0.80325704225352113,0.41615065134746926
24,0.81878810975609762,0.41195125037395375,0.80501760563380287,0.41400750590042329
25,0.82050304878048785,0.40901318278799698,0.80633802816901412,0.41210055015456509
26,0.82145579268292679,0.40622513209719485,0.80721830985915488,0.41016443283625054
27,0.82250381097560976,0.40356513816954159,0.81117957746478875,0.40554446569630798
28,0.82488567073170727,0.40096988787920007,0.81470070422535212,0.40180506022043633
29,0.82707698170731703,0.39838088217486695,0.81954225352112675,0.39971065080501667
30,0.82736280487804881,0.3959708119310984,0.8182218309859155,0.39828548905715139
31,0.82907774390243905,0.39360129637870844,0.82042253521126762,0.39582157953524255
32,0.83069740853658536,0.39132348143654627,0.820862676056338,0.39627729818015034
33,0.83222179878048785,0.3891124506367416,0.81998239436619713,0.39304867911506708
34,0.83384146341463417,0.38693274734768923,0.82174295774647887,0.39445637229462743
35,0.83460365853658536,0.38478893841185219,0.823943661971831,0.38827987623886323
36,0.83488948170731703,0.38265767493625968,0.8265845070422535,0.38518736773813272
37,0.83565167682926833,0.38055413293584089,0.82790492957746475,0.38485957346331906
38,0.83669969512195119,0.37844750666763727,0.83098591549295775,0.3822406597540412
39,0.83774771341463417,0.37638752276032439,0.8296654929577465,0.38226671265044682
40,0.83889100609756095,0.37440595671352817,0.832306338028169,0.379693188927543
41,0.84003429878048785,0.37251898560036972,0.83318661971830987,0.37819837957200869
42,0.84070121951219512,0.3707047090297792,0.83318661971830987,0.37767411915349286
43,0.84193978658536583,0.36897409866314107,0.83186619718309862,0.37569952934560641
44,0.84203506097560976,0.36732155239073244,0.83450704225352113,0.37354835553068511
45,0.84260670731707321,0.36568546994793705,0.83406690140845074,0.37408168152184551
46,0.84279725609756095,0.36410651942033595,0.83274647887323938,0.37237220792703224
47,0.84308307926829273,0.36263167644601041,0.83274647887323938,0.37259697767210681
48,0.84355945121951215,0.36119564559038092,0.83318661971830987,0.37145975819775756
49,0.84460746951219512,0.35981776578942448,0.83582746478873238,0.36974677947205559
50,0.84517911585365857,0.35848008059873815,0.83494718309859151,0.37228571718007747
51,0.84622713414634143,0.35717048573239546,0.83670774647887325,0.36815560850459084
52,0.84646532012195119,0.35585969786454991,0.8380281690140845,0.36748157084827693
53,0.84713224085365857,0.35461386568026571,0.83494718309859151,0.36849536232545343
54,0.84746570121951215,0.35341831732813905,0.83582746478873238,0.36534602961070101
55,0.8472751524390244,0.35223373993322615,0.83318661971830987,0.36740071630813709
56,0.84760861280487809,0.35107927867097827,0.83626760563380287,0.36500964492139681
57,0.84808498475609762,0.34994069695836161,0.83626760563380287,0.36553474757033333
58,0.84870426829268297,0.34885392192660308,0.83934859154929575,0.36287583494690101
59,0.84918064024390238,0.34777356838671175,0.83714788732394363,0.3641729942509826
60,0.85008574695121952,0.3466579072268271,0.839568661971831,0.36159646951816449
61,0.8511814024390244,0.34556126435537166,0.83868838028169013,0.3636004223789967
62,0.85203887195121952,0.34452163750623782,0.84176936619718312,0.36130537533424267
63,0.85203887195121952,0.34344854360310045,0.84264964788732399,0.358846493590046
64,0.85318216463414631,0.34241087609765736,0.84132922535211263,0.35934522810956121
65,0.85327743902439024,0.34134670019876667,0.84264964788732399,0.35922172518683154
66,0.85370617378048785,0.3402755415839393,0.84132922535211263,0.35839365884451801
67,0.85403963414634143,0.33925634761136481,0.8422095070422535,0.357213233977976
68,0.85461128048780488,0.33830665183685177,0.84088908450704225,0.36094647792863171
69,0.85427782012195119,0.33735314168308567,0.84176936619718312,0.35799358176513457
70,0.85537347560975607,0.33637548269840273,0.84176936619718312,0.35882031791646718
71,0.85599275914634143,0.33541329861505004,0.8422095070422535,0.35835978325823664
72,0.85675495426829273,0.33446677799177604,0.84352992957746475,0.35641734218093712
73,0.85756478658536583,0.33354138512527798,0.84375,0.35513923327687763
74,0.39453125,nan,0.0,nan
