batch,acc,batch,loss,size
0,0.96875,0,1.97743177414,32
1,1.0,1,1.92775261402,32
2,0.9375,2,2.17836117744,32
3,1.0,3,1.93016517162,32
4,0.96875,4,2.01507639885,32
5,1.0,5,1.92099714279,32
6,1.0,6,1.92727005482,32
7,0.96875,7,2.0267624855,32
8,1.0,8,1.92851889133,32
9,0.9375,9,2.10737848282,32
10,1.0,10,1.93382489681,32
11,1.0,11,1.92081677914,32
12,1.0,12,1.9396982193,32
13,0.96875,13,1.98905432224,32
14,1.0,14,1.94250500202,32
15,1.0,15,1.92216825485,32
16,0.96875,16,1.99455189705,32
17,0.96875,17,2.1288690567,32
18,0.96875,18,1.95754694939,32
19,0.96875,19,2.01344680786,32
20,1.0,20,1.9233276844,32
21,0.96875,21,2.03766775131,32
22,0.96875,22,1.95252597332,32
23,0.96875,23,1.96086037159,32
24,1.0,24,1.924264431,32
25,1.0,25,1.93722355366,32
26,0.96875,26,1.97771525383,32
27,1.0,27,1.92441058159,32
28,0.96875,28,1.97922050953,32
29,1.0,29,1.92283642292,32
30,1.0,30,1.93569624424,32
31,1.0,31,1.94952976704,32
32,0.96875,32,2.0854549408,32
33,0.96875,33,2.00678253174,32
34,0.96875,34,2.1060218811,32
35,1.0,35,1.92545294762,32
36,0.96875,36,1.9931319952,32
37,1.0,37,1.92123198509,32
38,1.0,38,1.9219994545,32
39,1.0,39,1.92205166817,32
40,0.96875,40,1.95693230629,32
41,1.0,41,1.9285172224,32
42,1.0,42,1.92491459846,32
43,0.96875,43,1.94312953949,32
44,0.96875,44,1.97968995571,32
45,1.0,45,1.92130243778,32
46,1.0,46,1.93720936775,32
47,0.96875,47,2.02609944344,32
48,1.0,48,1.92511105537,32
49,0.90625,49,2.09509587288,32
50,1.0,50,1.92463362217,32
51,1.0,51,1.92119884491,32
52,0.96875,52,1.95827710629,32
53,0.96875,53,1.98304891586,32
54,0.96875,54,1.97702646255,32
55,1.0,55,1.94886887074,32
56,1.0,56,1.94047391415,32
57,1.0,57,1.92481386662,32
58,1.0,58,1.92105388641,32
59,0.96875,59,2.05257153511,32
60,0.9375,60,1.98782765865,32
61,1.0,61,1.92084610462,32
62,1.0,62,1.92244851589,32
63,1.0,63,1.92110490799,32
64,1.0,64,1.92051935196,32
65,1.0,65,1.92154204845,32
66,1.0,66,1.95324504375,32
67,1.0,67,1.92658138275,32
68,1.0,68,1.92188346386,32
69,1.0,69,1.92962241173,32
70,1.0,70,1.92582428455,32
71,1.0,71,1.9213745594,32
72,0.9375,72,2.1173889637,32
73,0.96875,73,1.95016384125,32
74,1.0,74,1.92103767395,32
75,1.0,75,1.93290042877,32
76,1.0,76,1.92181169987,32
77,1.0,77,1.92180204391,32
78,0.96875,78,1.98887240887,32
79,1.0,79,1.92253410816,32
80,1.0,80,1.92079257965,32
81,1.0,81,1.92148661613,32
82,1.0,82,1.92400825024,32
83,1.0,83,1.92001628876,32
84,1.0,84,1.92043149471,32
85,1.0,85,1.92230737209,32
86,0.96875,86,2.06402111053,32
87,0.875,87,2.10589289665,32
88,1.0,88,1.92381024361,32
89,0.9375,89,2.0343310833,32
90,1.0,90,1.9282130003,32
91,1.0,91,1.92070317268,32
92,1.0,92,1.92446041107,32
93,1.0,93,1.92360711098,32
94,1.0,94,1.92501544952,32
95,1.0,95,1.92204332352,32
96,1.0,96,1.92594742775,32
97,1.0,97,1.92037284374,32
98,0.96875,98,1.98030698299,32
99,0.96875,99,1.96776258945,32
100,0.96875,100,2.13501572609,32
101,1.0,101,1.93731093407,32
102,1.0,102,1.92157578468,32
103,1.0,103,1.92565608025,32
104,0.9375,104,2.05452251434,32
105,1.0,105,1.94752633572,32
106,1.0,106,1.92148327827,32
107,1.0,107,1.92470991611,32
108,1.0,108,1.94129610062,32
109,0.9375,109,2.14739608765,32
110,1.0,110,1.93575429916,32
111,0.96875,111,1.9722237587,32
112,0.96875,112,2.06211853027,32
113,1.0,113,1.92172181606,32
114,1.0,114,1.92388737202,32
115,1.0,115,1.92222476006,32
116,0.96875,116,2.01011562347,32
117,1.0,117,1.92156481743,32
118,0.96875,118,1.99461114407,32
119,1.0,119,1.93405258656,32
120,1.0,120,1.92547273636,32
121,0.9375,121,2.08971261978,32
122,0.9375,122,2.08494544029,32
123,1.0,123,1.95037388802,32
124,1.0,124,1.92336189747,32
125,1.0,125,1.92207074165,32
126,1.0,126,1.92459928989,32
127,1.0,127,1.92488527298,32
128,0.96875,128,2.00199770927,32
129,0.96875,129,1.99853658676,32
130,1.0,130,1.92569124699,32
131,0.96875,131,2.02550673485,32
132,0.96875,132,1.96749889851,32
133,1.0,133,1.92159199715,32
134,0.96875,134,1.95225977898,32
135,1.0,135,1.92171907425,32
136,1.0,136,1.92945933342,32
137,1.0,137,1.92159092426,32
138,1.0,138,1.96633076668,32
139,0.96875,139,2.00438666344,32
140,1.0,140,1.9213783741,32
141,0.96875,141,2.0255150795,32
142,1.0,142,1.92290437222,32
143,0.96875,143,1.99446451664,32
144,0.9375,144,2.07963514328,32
145,1.0,145,1.92131257057,32
146,1.0,146,1.93063461781,32
147,0.96875,147,2.0437939167,32
148,0.96875,148,1.96022474766,32
149,0.90625,149,2.29528999329,32
150,1.0,150,1.93893158436,32
151,1.0,151,1.92244458199,32
152,1.0,152,1.93454480171,32
153,1.0,153,1.92082202435,32
154,1.0,154,1.93587040901,32
155,0.96875,155,2.03143548965,32
156,1.0,156,1.93664288521,32
157,0.96875,157,1.96631467342,32
158,0.96875,158,1.9588098526,32
159,0.96875,159,1.96168828011,32
160,1.0,160,1.93019020557,32
161,0.96875,161,1.99387526512,32
162,1.0,162,1.93105196953,32
163,1.0,163,1.92347991467,32
164,1.0,164,1.92077744007,32
165,1.0,165,1.92681109905,32
166,0.96875,166,2.00358748436,32
167,0.96875,167,2.13760066032,32
168,1.0,168,1.93606638908,32
169,0.96875,169,1.97503709793,32
170,0.96875,170,1.97500693798,32
171,1.0,171,1.92416191101,32
172,1.0,172,1.92738640308,32
173,0.96875,173,2.04047966003,32
174,1.0,174,1.9337939024,32
175,1.0,175,1.9203299284,32
176,1.0,176,1.92208909988,32
177,1.0,177,1.92095768452,32
178,1.0,178,1.9233328104,32
179,1.0,179,1.92353618145,32
180,1.0,180,1.92476642132,32
181,0.96875,181,1.94391894341,32
182,1.0,182,1.92945694923,32
183,1.0,183,1.92662084103,32
184,1.0,184,1.9247815609,32
185,1.0,185,1.92952573299,32
186,1.0,186,1.92285108566,32
187,1.0,187,1.92253959179,32
188,0.96875,188,2.03403925896,32
189,1.0,189,1.92440891266,32
190,1.0,190,1.92870688438,32
191,1.0,191,1.92000579834,32
192,1.0,192,1.92395830154,32
193,1.0,193,1.92069208622,32
194,1.0,194,1.92023658752,32
195,0.9375,195,1.99998652935,32
196,1.0,196,1.9212321043,32
197,1.0,197,1.92762494087,32
