epoch,binary_accuracy,binary_crossentropy,loss,val_binary_accuracy,val_binary_crossentropy,val_loss
0,0.5,0.73052293178552308,0.73052294102456028,0.5,0.69733637850031549,0.69733639405265491
1,0.51895935064985255,0.69363022700453703,0.69363022367210514,0.53446298472394393,0.69111578449927735,0.69111577155165105
2,0.53080724019591108,0.69136151800036927,0.69136152799766493,0.53446298472394393,0.69077819979165012,0.69077819979165012
3,0.53080723990953016,0.6912384196521576,0.69123843298188525,0.53446298472394393,0.69075503176466679,0.6907550447122931
4,0.53080723886326375,0.6912266596220612,0.69122664667146283,0.53446298472394393,0.69077586374369104,0.69077586374369104
5,0.53080724076704555,0.69123184616340305,0.69123184616340305,0.53446298472394393,0.69076041275262068,0.69076041275262068
6,0.53080724038466209,0.69122347451360211,0.69122347118117022,0.53446298472394393,0.69074149932325501,0.69074149932325501
7,0.53080724019428382,0.69122827386801411,0.69122827682131671,0.53446298472394393,0.69074285948469405,0.69074285948469405
8,0.53080723943277108,0.69122532065157927,0.69122532731644315,0.53446298472394393,0.69075652828245715,0.69075652828245715
9,0.53080724019591108,0.69122721674023724,0.69122723006996478,0.53446298472394393,0.69075280393760119,0.69075280393760119
10,0.53080724124217749,0.69121560686971684,0.69121561686701249,0.53446298472394393,0.69075040230099172,0.69075040230099172
11,0.53080723962314935,0.69121797826925313,0.69121796827195747,0.53446298472394393,0.69074071273027304,0.69074074383495199
12,0.53080723857688283,0.69121871398332346,0.69121872064818723,0.53446298472394393,0.69075898560525084,0.69075900115759026
13,0.53080723838487753,0.69121386525587403,0.69121386858830591,0.53446298472394393,0.69074485190796509,0.6907448648555915
14,0.53080724010153557,0.69122253546423584,0.69122255879125905,0.53446298472394393,0.69076311752315933,0.69076309162790661
15,0.53080723876563385,0.69122533484370374,0.69122532817883997,0.53446298472394393,0.69075069961798152,0.69075074367028677
16,0.53080724038628924,0.69121526508391695,0.69121526175148507,0.53446298472394393,0.69076181871296571,0.69076181871296571
17,0.53080724038628924,0.69122637316146474,0.69122638649119228,0.53446298472394393,0.69074823860454471,0.69074825415688423
18,0.5308072388616365,0.69122158180130955,0.69122157551557506,0.53446298472394393,0.69076115532367299,0.69076112421899405
19,0.53080724124217749,0.69120546365323809,0.69120545032351055,0.53446298472394393,0.69073368863157902,0.69073369897449222
20,0.53080724048229189,0.69123548942755031,0.69123548942755031,0.53446298472394393,0.69074222907577754,0.69074224462811695
21,0.53080723857850998,0.69121708649876423,0.69121705983930914,0.53446298472394393,0.69077580525535187,0.69077580525535187
22,0.5308072406710429,0.69121089044860007,0.6912108900694709,0.53446298472394393,0.69073440662112595,0.69073439106878654
23,0.53080724076867281,0.69121872115586247,0.69121872115586247,0.53446298472394393,0.69074982790479778,0.69074980200954506
24,0.53080723914639028,0.69120336543989425,0.69120336210746236,0.53446298472394393,0.69072952722649561,0.69072954277883503
25,0.53080724029028659,0.69122110245181012,0.69122109911937824,0.53446298472394393,0.69074014506228854,0.69074013211466212
26,0.53080724105342647,0.69122392396070864,0.69122392729314053,0.53446298472394393,0.69074492127838549,0.69074494977835132
27,0.53080724114780198,0.69122045037396984,0.69122046370369739,0.53446298472394393,0.69074358309373873,0.69074359604136504
28,0.53080724124217749,0.69121153331343788,0.69121152998100599,0.53446298472394393,0.69073414481328632,0.69073416036562585
29,0.53080723962314935,0.69121560089151635,0.69121559165247903,0.53446298472394393,0.69074990227960875,0.69074994893662711
30,0.53080723876888825,0.69121751664445119,0.69121751664445119,0.53446298472394393,0.69075361145182101,0.69075362700416054
31,0.53080723971752486,0.69122180702196145,0.69122180368952957,0.53446298472394393,0.69075144347999939,0.69075145903233892
32,0.53080724076704555,0.69121450689871167,0.69121451356357544,0.53446298472394393,0.69074067680345763,0.69074067680345763
33,0.53080723895763926,0.69121110455897605,0.69121110122654417,0.53446298472394393,0.69074307659474554,0.69074306104240613
34,0.53080723952877373,0.69120573558163279,0.69120574224649656,0.53446298472394393,0.69076349058186481,0.69076349058186481
35,0.53080724000553281,0.69121264169362662,0.69121264464692933,0.53446298472394393,0.69074616390119647,0.69074619500587542
36,0.53080723857525569,0.69122213001238986,0.69122213667725363,0.53446298472394393,0.69073967685181858,0.69073967685181858
37,0.53080723867125834,0.69120932016211001,0.69120932054123929,0.53446298472394393,0.69073484922491191,0.69073483367257249
38,0.53080723924402007,0.69121316761093288,0.69121317094336476,0.53446298472394393,0.69076065707167233,0.69076067262401186
39,0.53080723924239293,0.6912060297126803,0.69120604675396902,0.53446298472394393,0.69073579437885491,0.69073579437885491
40,0.53080724000553281,0.69120892393140243,0.69120893430782737,0.53446298472394393,0.69075697248096546,0.6907570035856444
41,0.5308072388616365,0.691233974796578,0.69123398812630554,0.53446298472394393,0.69077630197338158,0.69077630197338158
42,0.53080723867125834,0.69120536534324306,0.69120536238994035,0.53446298472394393,0.69075930432189514,0.6907592732172162
43,0.53080723848088018,0.69121459655056705,0.69121459692969622,0.53446298472394393,0.69074948080209642,0.69074946264504389
44,0.53080724038466209,0.69120297572923295,0.69120296239950541,0.53446298472394393,0.69073223934035066,0.69073225489269019
45,0.53080724105342647,0.69120893917304771,0.69120895545607797,0.53446298472394393,0.69073824793506633,0.69073823498743991
46,0.53080723962640364,0.69121727924284959,0.69121727591041771,0.53446298472394393,0.69077048939281949,0.69077044794522724
47,0.53080724038628924,0.69121937083526308,0.69121937787925603,0.53446298472394393,0.69076296706490647,0.69076296706490647
48,0.53080723962477649,0.69121053548114464,0.69121052624210733,0.53446298472394393,0.69075100966237402,0.69075100966237402
49,0.53080723990953016,0.69121277147622795,0.69121275814650041,0.53446298472394393,0.69073773561913365,0.69073772267150735
50,0.53080724048066474,0.6912068803549718,0.69120688701983557,0.53446298472394393,0.69073416136042876,0.69073414841280245
51,0.53080723924402007,0.69121119443538004,0.69121118777051627,0.53446298472394393,0.69074929354372772,0.69074924949142247
52,0.53080723905201477,0.69121352661863655,0.69121351366803818,0.53446298472394393,0.69073742272702277,0.69073744862227549
53,0.53080724000390567,0.69120249520003951,0.69120249853247151,0.53446298472394393,0.69072508935731514,0.69072508935731514
54,0.53080723924076578,0.69120528124977998,0.69120528124977998,0.53446298472394393,0.6907420091028198,0.6907420091028198
55,0.53080724114942912,0.69120544019441454,0.6912054501917102,0.53446298472394393,0.69074733134424149,0.69074731579190196
56,0.53080724029028659,0.69120473125044646,0.69120475048677932,0.53446298472394393,0.69074178140684972,0.69074175290688389
57,0.53080723867125834,0.69120212911091805,0.69120214910550937,0.53446298472394393,0.69074577320182473,0.6907457576494852
58,0.53080723867125834,0.69120034244903972,0.69120033283087323,0.53446298472394393,0.69074289725683102,0.69074291280917055
59,0.53080723990953016,0.69120339233854255,0.69120339900340633,0.53446298472394393,0.69073596194619991,0.69073596194619991
60,0.53080724010153557,0.69121375056196466,0.69121375389439654,0.53446298472394393,0.69073860789426711,0.69073862344660653
61,0.530807239719152,0.69120285335510934,0.69120284335781368,0.53446298472394393,0.6907303491919371,0.69073035179665021
62,0.53080723847925304,0.69119790709219497,0.69119789709489932,0.53446298472394393,0.69073127044782712,0.69073125750020081
63,0.53080724076704555,0.69120734025335262,0.69120734691821639,0.53446298472394393,0.6907307882493644,0.69073075714468546
64,0.53080723962477649,0.69120022985905338,0.69120023985634904,0.53446298472394393,0.69072540288731499,0.69072540288731499
65,0.53080723895763926,0.6911995944173378,0.6911995944173378,0.53446298472394393,0.69073057886232525,0.69073062030991739
66,0.53080723838325028,0.69120313091186436,0.69120312833769093,0.53446298472394393,0.69072235756003031,0.69072237311236984
67,0.53080723952877373,0.69120444268429981,0.6912044460167317,0.53446298472394393,0.69072094376276427,0.69072094376276427
68,0.53080723905038751,0.69121111274523828,0.69121112274253393,0.53446298472394393,0.6907267612793716,0.6907267612793716
69,0.53080724019428382,0.69120806554218317,0.69120806887461506,0.53446298472394393,0.69072773447764546,0.6907277655823244
70,0.53080723914964456,0.69119698760296722,0.69119699760026287,0.53446298472394393,0.69076850532285572,0.69076852087519525
71,0.53080723905364191,0.69120081917880516,0.69120082251123705,0.53446298472394393,0.69076477162229555,0.69076475606995613
72,0.5308072396215221,0.69120084999240994,0.69120084999240994,0.53446298472394393,0.69072127294382457,0.69072127294382457
73,0.53080724095742382,0.69119619772711571,0.69119620439197949,0.53446298472394393,0.69076009160592333,0.69076012271060228
74,0.53080724105342647,0.69119956034452346,0.69119955367965968,0.53446298472394393,0.6907339562791398,0.69073398477910564
75,0.53080723895601201,0.69120762205049702,0.69120761871806513,0.53446298472394393,0.69072127415885098,0.69072130526352993
76,0.53080723948402675,0.69119447519827959,0.69119446853341582,0.53446298472394393,0.69077345891004305,0.69077343041007722
77,0.53080724124380463,0.69120825847501965,0.691208248477724,0.53446298472394393,0.69075847178572292,0.69075847178572292
78,0.53080723981352751,0.69120500254912864,0.69120499921669676,0.53446298472394393,0.69073673774822764,0.69073671698646188
79,0.53080723905364191,0.69119961910792449,0.69119961244306072,0.53446298472394393,0.69075948605189308,0.69075948605189308
80,0.53080723838650468,0.69120998661594446,0.6912099766186488,0.53446298472394393,0.69073549340919171,0.69073551930444443
81,0.5308072399111573,0.69119526533610454,0.69119527533340019,0.53446298472394393,0.69075740165870836,0.6907574327633873
82,0.53080723838650468,0.69119382394866569,0.69119383727839323,0.53446298472394393,0.6907593907406564,0.69075940368828281
83,0.5308072406710429,0.69119923835968244,0.69119924797784893,0.53446298472394393,0.6907354501162779,0.6907354501162779
84,0.53080724086142106,0.69119408280117034,0.69119408946603411,0.53446298472394393,0.6907393250029199,0.69073929650295407
85,0.53080723990953016,0.69120267566229099,0.69120265862100239,0.53446298472394393,0.69075237450925908,0.69075237450925908
86,0.53080723914801742,0.69119635858854955,0.69119636525341333,0.53446298472394393,0.69072394512127666,0.69072394512127666
87,0.53080724114780198,0.69119801644087064,0.69119800644357499,0.53446298472394393,0.69072915128969603,0.6907291227897302
88,0.53080724114780198,0.69119299604273687,0.69119299604273687,0.53446298472394393,0.69074212424936443,0.69074213719699074
89,0.530807239719152,0.69119611196418229,0.69119610529931852,0.53446298472394393,0.69073550357744484,0.69073551912978437
90,0.53080724009990832,0.6911947431466311,0.69119476314122241,0.53446298472394393,0.69073343420502542,0.69073342125739912
91,0.53080723962314935,0.69118451824163762,0.69118452157406951,0.53446298472394393,0.69073704455001805,0.6907369901547995
92,0.53080724019428382,0.69119012893907583,0.69119014522210609,0.53446298472394393,0.69072383033924001,0.69072385623449273
93,0.53080724105179933,0.69118940715515653,0.69118940382272465,0.53446298472394393,0.69071750364298734,0.69071751919532676
94,0.5308072388616365,0.69119211857013818,0.69119212523500195,0.53446298472394393,0.69072516935921757,0.6907251849115571
95,0.53080724105179933,0.69119234352068082,0.69119234018824893,0.53446298472394393,0.69071000303367336,0.69070998748133394
96,0.53080723867125834,0.69119394276092716,0.69119394276092716,0.53446298472394393,0.69072900861520681,0.69072900861520681
97,0.53080723924076578,0.69120728916203,0.69120728916203,0.53446298472394393,0.69072363213044485,0.69072362952573174
98,0.53080724095905096,0.69119083905297485,0.69119082905567919,0.53446298472394393,0.6907284126446982,0.6907284126446982
99,0.530807239719152,0.69119696302790923,0.69119696302790923,0.53446298472394393,0.69072060051017814,0.69072061606251767
100,0.53080724124217749,0.69119191528853863,0.69119190529124297,0.53446298472394393,0.69071620903222908,0.69071618053226325
101,0.53080724000390567,0.69118963674474365,0.69118964674203931,0.53446298472394393,0.69071697468878523,0.69071697468878523
102,0.53080723990953016,0.69119192246595906,0.69119191618022457,0.53446298472394393,0.69072663193979844,0.69072663193979844
103,0.53080723838487753,0.69118199554676474,0.69118198554946908,0.53446298472394393,0.69071467433223022,0.69071467433223022
104,0.530807239719152,0.6911893984872538,0.69118941181698135,0.53446298472394393,0.6907291378408712,0.69072910673619226
105,0.53080723905201477,0.69118627658109921,0.69118627658109921,0.53446298472394393,0.69071235574268353,0.69071237129502305
106,0.5308072406710429,0.69118679352622303,0.69118679685865492,0.53446298472394393,0.69073693151458204,0.69073693151458204
107,0.53080723972077914,0.69119092601024656,0.69119093267511034,0.53446298472394393,0.69074108611551699,0.69074108351080388
108,0.53080723933676843,0.69118436093392999,0.69118436093392999,0.53446298472394393,0.69071438817070285,0.69071438817070285
109,0.53080723990953016,0.69118896773626182,0.69118897773355747,0.53446298472394393,0.69073817699270534,0.69073818994033165
110,0.53080724019428382,0.69119608155411416,0.69119608117498499,0.53446298472394393,0.69071360542024229,0.69071360281552918
111,0.53080724076704555,0.69118698068913587,0.69118696735940832,0.53446298472394393,0.69073050902867594,0.69073050902867594
112,0.53080723848088018,0.69119177924461028,0.69119178590947405,0.53446298472394393,0.69072913475774145,0.69072913475774145
113,0.53080723990953016,0.69118580374025584,0.69118578745722559,0.53446298472394393,0.69073167912199751,0.69073167912199751
114,0.530807239719152,0.69118382686290492,0.6911838301953368,0.53446298472394393,0.69071426051697893,0.69071424496463951
115,0.53080724029028659,0.69118149866782741,0.6911815020002593,0.53446298472394393,0.69071591579317215,0.69071589763611951
116,0.53080724067267004,0.6911850530188518,0.69118506634857935,0.53446298472394393,0.69072645677094369,0.69072645156151746
117,0.53080723933676843,0.69117261498368365,0.69117262498097931,0.53446298472394393,0.69070456113492107,0.69070454558258165
118,0.530807239719152,0.69118669403002542,0.69118669069759353,0.53446298472394393,0.69070743644961974,0.69070740534494079
119,0.53080723943277108,0.69117591281230217,0.69117591023812863,0.53446298472394393,0.69072430748774882,0.6907242919354093
120,0.53080723876563385,0.69118890345514772,0.69118889679028395,0.53446298472394393,0.69071008085612207,0.69071009640846148
121,0.53080724086142106,0.6911941341902641,0.69119411752810467,0.53446298472394393,0.69070809920861742,0.69070811476095695
122,0.53080723838325028,0.69119380806754493,0.69119380511424222,0.53446298472394393,0.69070691394265227,0.69070691394265227
123,0.53080723895763926,0.69118460815546634,0.69118461148789823,0.53446298472394393,0.69070049486641427,0.6907005104187538
124,0.5308072388616365,0.69118225730213001,0.69118224730483435,0.53446298472394393,0.69072021363054603,0.69072020068291962
125,0.53080723867288548,0.69118220557295906,0.69118220557295906,0.53446298472394393,0.69072453991472837,0.69072455546706779
126,0.53080723876563385,0.69117937974231303,0.69117938269561563,0.53446298472394393,0.69071252644631587,0.69071252384160275
127,0.5308072386696312,0.69118128879458651,0.6911812921270184,0.53446298472394393,0.69072949372973313,0.69072950928207266
128,0.53080724028865933,0.69117722015559713,0.69117722015559713,0.53446298472394393,0.69071053230681989,0.69071048825451453
129,0.53080724019591108,0.69118613844138355,0.69118612844408789,0.53446298472394393,0.69073204851284165,0.69073203556521534
130,0.53080724000390567,0.69118094805993457,0.69118093806263892,0.53446298472394393,0.69071382975970153,0.69071384531204105
131,0.53080724086304831,0.69118999746910548,0.69119001041970385,0.53446298472394393,0.69072734482623399,0.69072731372155505
132,0.53080723895601201,0.6911713801728514,0.69117138683771517,0.53446298472394393,0.69069904840012264,0.69069903805720945
133,0.53080723924076578,0.69118063207770153,0.69118064169586801,0.53446298472394393,0.69070882453388704,0.69070879603392121
134,0.53080723876563385,0.69118307550853408,0.69118307884096597,0.53446298472394393,0.69070711026056231,0.69070713615581514
135,0.53080723895763926,0.69117628212971705,0.69117628879458082,0.53446298472394393,0.69072069120431401,0.69072070675665354
136,0.53080723838487753,0.69117920590912774,0.69117920257669585,0.53446298472394393,0.69071874893126273,0.69071875153597573
137,0.53080724029191373,0.6911814041653962,0.69118139416810054,0.53446298472394393,0.69073827898658779,0.69073827898658779
138,0.53080724057666739,0.69118113551573701,0.69118113218330512,0.53446298472394393,0.69070793643303319,0.6907079493806596
139,0.53080723857688283,0.69116608504922805,0.69116608504922805,0.53446298472394393,0.69073971592251515,0.69073971592251515
140,0.53080724009990832,0.69117095953631091,0.6911709628687428,0.53446298472394393,0.69069860562927055,0.6906985615769653
141,0.53080723895763926,0.69117875245594351,0.6911787557883754,0.53446298472394393,0.6907267584924045,0.69072677404474403
142,0.53080724057504025,0.69117981604030709,0.69117980604301144,0.53446298472394393,0.69071459569723259,0.69071459569723259
143,0.53080723933839558,0.69118784747452144,0.69118784747452144,0.53446298472394393,0.69072192763048978,0.69072190173523706
144,0.53080724067267004,0.69117307132996553,0.69117306466510176,0.53446298472394393,0.69071544172019927,0.69071545727253869
145,0.53080724029028659,0.69116878250476976,0.69116878583720165,0.53446298472394393,0.69070691402618534,0.69070691402618534
146,0.53080723952714659,0.69117631419298375,0.69117631419298375,0.53446298472394393,0.69069882594395449,0.69069881299632818
147,0.53080724019428382,0.69117791178816745,0.69117791178816745,0.53446298472394393,0.6907158756441395,0.69071588859176591
148,0.53080724105342647,0.69118248309717079,0.69118248605047339,0.53446298472394393,0.69073794409490297,0.69073791299022402
149,0.53080723895763926,0.69117550587160104,0.69117550844577458,0.53446298472394393,0.69071964955448362,0.69071964955448362
150,0.53080723924402007,0.69117228555456722,0.69117227555727156,0.53446298472394393,0.69071783185202629,0.69071784740436581
151,0.53080724048066474,0.69117725596784985,0.69117726225358433,0.53446298472394393,0.69069619193352294,0.69069620227643613
152,0.53080723990953016,0.69117945281987581,0.69117944282258015,0.53446298472394393,0.69070550771652017,0.6907055232688597
153,0.53080724124380463,0.69116834460564625,0.69116834089408519,0.53446298472394393,0.69069631979228252,0.69069627573997716
154,0.53080723895601201,0.69116782820887668,0.69116783820617234,0.53446298472394393,0.69071145296279057,0.69071146851512999
155,0.53080724019428382,0.69116424058722992,0.6911642439196618,0.53446298472394393,0.69069882147113815,0.69069882147113815
156,0.53080724105179933,0.69116802040948933,0.69116800783802013,0.53446298472394393,0.69070781985883245,0.69070779396357973
157,0.53080724057504025,0.6911647104031754,0.69116469374101597,0.53446298472394393,0.69069014609065049,0.69069014609065049
158,0.53080723838325028,0.69117080801479847,0.69117079468507092,0.53446298472394393,0.69069043981571809,0.69069046571097081
159,0.53080724114942912,0.69117418393589924,0.69117419764475596,0.53446298472394393,0.69071244760628248,0.69071246315862189
160,0.53080724105179933,0.69116639167201377,0.6911663912928846,0.53446298472394393,0.69071337369190289,0.69071337108718978
161,0.5308072399111573,0.69116831811216184,0.69116831477972995,0.53446298472394393,0.69070202437217465,0.69070202437217465
162,0.53080724019591108,0.69116927488947999,0.69116927822191188,0.53446298472394393,0.69073517752507796,0.69073510497280677
163,0.53080724019428382,0.69117806598473741,0.69117806598473741,0.53446298472394393,0.69069472025543099,0.69069472025543099
164,0.53080723952877373,0.69117307796065885,0.69117308424639334,0.53446298472394393,0.69070370078982934,0.69070369044691604
165,0.53080724029354087,0.69117662198732754,0.69117664455609229,0.53446298472394393,0.690719318786295,0.690719318786295
166,0.53080723914801742,0.6911748625169869,0.69117486918185067,0.53446298472394393,0.690711264162857,0.69071124861051758
167,0.53080724105342647,0.69116395693999999,0.69116392732724219,0.53446298472394393,0.69069978513904762,0.6906997695867082
168,0.53080724000390567,0.69117068380523394,0.69117068047280206,0.53446298472394393,0.69069794637106807,0.69069795418520741
169,0.53080723972077914,0.69117191421458746,0.69117191754701934,0.53446298472394393,0.69070715690239293,0.69070721390232459
170,0.53080723905364191,0.6911577150851691,0.6911577150851691,0.53446298472394393,0.69073133372033324,0.69073134666795954
171,0.53080724010153557,0.6911690955987867,0.6911690955987867,0.53446298472394393,0.69075517010303011,0.69075517010303011
172,0.53080724057666739,0.69116795887502802,0.69116796220745991,0.53446298472394393,0.69072453775046239,0.69072453775046239
173,0.53080723838487753,0.69116093731574779,0.69116093731574779,0.53446298472394393,0.69071733160282578,0.69071734715516531
174,0.53080723857525569,0.69116570676613953,0.69116572342829896,0.53446298472394393,0.69069899356445696,0.69069900911679649
175,0.53080724019428382,0.6911719643328661,0.69117194767070667,0.53446298472394393,0.69070093912567387,0.69070097023035282
176,0.53080723838650468,0.69115808787657906,0.69115809158814023,0.53446298472394393,0.69070232955646116,0.69070233216117427
177,0.53080723981352751,0.69116332670683645,0.69116333003926833,0.53446298472394393,0.69069283402547788,0.69069281847313846
178,0.53080723895763926,0.69116214583649105,0.69116215621291599,0.53446298472394393,0.69068536788494761,0.69068538343728703
